\BOOKMARK [0][-]{chapter*.2}{Abstract}{}% 1
\BOOKMARK [0][-]{section*.4}{Contents}{}% 2
\BOOKMARK [0][-]{section*.5}{List of Figures}{}% 3
\BOOKMARK [0][-]{section*.6}{List of Tables}{}% 4
\BOOKMARK [0][-]{chapter*.7}{List of Algorithms}{}% 5
\BOOKMARK [0][-]{chapter.1}{Introduction}{}% 6
\BOOKMARK [1][-]{section.1.1}{Motivation}{chapter.1}% 7
\BOOKMARK [1][-]{section.1.2}{Aim of The Work}{chapter.1}% 8
\BOOKMARK [1][-]{section.1.3}{Results of the Master's Thesis}{chapter.1}% 9
\BOOKMARK [1][-]{section.1.4}{Structure of the Master's Thesis}{chapter.1}% 10
\BOOKMARK [0][-]{chapter.2}{Problem Statements}{}% 11
\BOOKMARK [1][-]{section.2.1}{Shift Design Problem}{chapter.2}% 12
\BOOKMARK [1][-]{section.2.2}{Break Scheduling Problem}{chapter.2}% 13
\BOOKMARK [0][-]{chapter.3}{Related Work}{}% 14
\BOOKMARK [1][-]{section.3.1}{Shift Scheduling with Breaks}{chapter.3}% 15
\BOOKMARK [1][-]{section.3.2}{Shift Design}{chapter.3}% 16
\BOOKMARK [1][-]{section.3.3}{Break Scheduling}{chapter.3}% 17
\BOOKMARK [1][-]{section.3.4}{Shift Design and Break Scheduling}{chapter.3}% 18
\BOOKMARK [0][-]{chapter.4}{Formulations}{}% 19
\BOOKMARK [1][-]{section.4.1}{Integer Linear Programming Model for Shift Design Problem}{chapter.4}% 20
\BOOKMARK [1][-]{section.4.2}{Integer Linear Programming Model for Break Scheduling Problem}{chapter.4}% 21
\BOOKMARK [0][-]{chapter.5}{Computational Experiments}{}% 22
\BOOKMARK [1][-]{section.5.1}{Shift Design}{chapter.5}% 23
\BOOKMARK [1][-]{section.5.2}{Break Scheduling}{chapter.5}% 24
\BOOKMARK [0][-]{chapter.6}{Conclusion and FutureWork}{}% 25
\BOOKMARK [1][-]{section.6.1}{Summary}{chapter.6}% 26
\BOOKMARK [1][-]{section.6.2}{Future Work}{chapter.6}% 27
\BOOKMARK [0][-]{section*.22}{Bibliography}{}% 28
